<?xml version="1.0" encoding="UTF-8"?>
<!-- Generated by org.testng.reporters.JUnitXMLReporter -->
<testsuite hostname="DESKTOP-LI51MAN" ignored="0" name="my prime shop Test Cases" tests="11" failures="1" timestamp="2021-04-10T14:11:09 IST" time="279.361" errors="0">
  <testcase name="crossBtn" time="0.189" classname="com.TestCategoriesPage.CategoriesPageTest"/>
  <testcase name="categoryBtn" time="0.125" classname="com.TestCategoriesPage.CategoriesPageTest"/>
  <testcase name="validTitle" time="0.015" classname="com.TestCategoriesPage.CategoriesPageTest"/>
  <testcase name="validCategories" time="43.659" classname="com.TestCategoriesPage.CategoriesPageTest"/>
  <testcase name="validByCategoriElement" time="20.711" classname="com.TestCategoriesPage.CategoriesPageTest"/>
  <testcase name="validWomenProducts" time="5.862" classname="com.TestCategoriesPage.CategoriesPageTest"/>
  <testcase name="validproductswallet" time="23.942" classname="com.TestCategoriesPage.CategoriesPageTest"/>
  <testcase name="validProductMassagnerDuffle" time="8.557" classname="com.TestCategoriesPage.CategoriesPageTest"/>
  <testcase name="validToolsInKitchen" time="8.497" classname="com.TestCategoriesPage.CategoriesPageTest"/>
  <testcase name="buyProductValid" time="131.179" classname="com.TestCategoriesPage.CategoriesPageTest"/>
  <testcase name="validproductDescription" time="36.47" classname="com.TestCategoriesPage.CategoriesPageTest">
    <failure type="org.openqa.selenium.NoSuchElementException" message="no such element: Unable to locate element: {&amp;quot;method&amp;quot;:&amp;quot;xpath&amp;quot;,&amp;quot;selector&amp;quot;:&amp;quot;//p[text()=&amp;quot;Blue Printed Georgette Saree&amp;quot;]&amp;quot;}
  (Session info: chrome=89.0.4389.114)
For documentation on this error, please visit: https://www.seleniumhq.org/exceptions/no_such_element.html
Build info: version: &amp;apos;3.141.59&amp;apos;, revision: &amp;apos;e82be7d358&amp;apos;, time: &amp;apos;2018-11-14T08:17:03&amp;apos;
System info: host: &amp;apos;DESKTOP-LI51MAN&amp;apos;, ip: &amp;apos;192.168.43.195&amp;apos;, os.name: &amp;apos;Windows 10&amp;apos;, os.arch: &amp;apos;x86&amp;apos;, os.version: &amp;apos;10.0&amp;apos;, java.version: &amp;apos;1.8.0_151&amp;apos;
Driver info: org.openqa.selenium.chrome.ChromeDriver
Capabilities {acceptInsecureCerts: false, browserName: chrome, browserVersion: 89.0.4389.114, chrome: {chromedriverVersion: 89.0.4389.23 (61b08ee2c5002..., userDataDir: C:\Users\Akshay\AppData\Loc...}, goog:chromeOptions: {debuggerAddress: localhost:60446}, javascriptEnabled: true, networkConnectionEnabled: false, pageLoadStrategy: normal, platform: WINDOWS, platformName: WINDOWS, proxy: Proxy(), setWindowRect: true, strictFileInteractability: false, timeouts: {implicit: 0, pageLoad: 300000, script: 30000}, unhandledPromptBehavior: dismiss and notify, webauthn:extension:largeBlob: true, webauthn:virtualAuthenticators: true}
Session ID: 01a056b9272e7f86dcfbf137111fe79d
*** Element info: {Using=xpath, value=//p[text()=&amp;quot;Blue Printed Georgette Saree&amp;quot;]}">
      <![CDATA[org.openqa.selenium.NoSuchElementException: no such element: Unable to locate element: {"method":"xpath","selector":"//p[text()="Blue Printed Georgette Saree"]"}
  (Session info: chrome=89.0.4389.114)
For documentation on this error, please visit: https://www.seleniumhq.org/exceptions/no_such_element.html
Build info: version: '3.141.59', revision: 'e82be7d358', time: '2018-11-14T08:17:03'
System info: host: 'DESKTOP-LI51MAN', ip: '192.168.43.195', os.name: 'Windows 10', os.arch: 'x86', os.version: '10.0', java.version: '1.8.0_151'
Driver info: org.openqa.selenium.chrome.ChromeDriver
Capabilities {acceptInsecureCerts: false, browserName: chrome, browserVersion: 89.0.4389.114, chrome: {chromedriverVersion: 89.0.4389.23 (61b08ee2c5002..., userDataDir: C:\Users\Akshay\AppData\Loc...}, goog:chromeOptions: {debuggerAddress: localhost:60446}, javascriptEnabled: true, networkConnectionEnabled: false, pageLoadStrategy: normal, platform: WINDOWS, platformName: WINDOWS, proxy: Proxy(), setWindowRect: true, strictFileInteractability: false, timeouts: {implicit: 0, pageLoad: 300000, script: 30000}, unhandledPromptBehavior: dismiss and notify, webauthn:extension:largeBlob: true, webauthn:virtualAuthenticators: true}
Session ID: 01a056b9272e7f86dcfbf137111fe79d
*** Element info: {Using=xpath, value=//p[text()="Blue Printed Georgette Saree"]}
at org.openqa.selenium.remote.http.W3CHttpResponseCodec.createException(W3CHttpResponseCodec.java:187)
at org.openqa.selenium.remote.http.W3CHttpResponseCodec.decode(W3CHttpResponseCodec.java:122)
at org.openqa.selenium.remote.http.W3CHttpResponseCodec.decode(W3CHttpResponseCodec.java:49)
at org.openqa.selenium.remote.HttpCommandExecutor.execute(HttpCommandExecutor.java:158)
at org.openqa.selenium.remote.service.DriverCommandExecutor.execute(DriverCommandExecutor.java:83)
at org.openqa.selenium.remote.RemoteWebDriver.execute(RemoteWebDriver.java:552)
at org.openqa.selenium.remote.RemoteWebDriver.findElement(RemoteWebDriver.java:323)
at org.openqa.selenium.remote.RemoteWebDriver.findElementByXPath(RemoteWebDriver.java:428)
at org.openqa.selenium.By$ByXPath.findElement(By.java:353)
at org.openqa.selenium.remote.RemoteWebDriver.findElement(RemoteWebDriver.java:315)
at org.openqa.selenium.support.events.EventFiringWebDriver.lambda$new$1(EventFiringWebDriver.java:105)
at com.sun.proxy.$Proxy5.findElement(Unknown Source)
at org.openqa.selenium.support.events.EventFiringWebDriver.findElement(EventFiringWebDriver.java:194)
at org.openqa.selenium.support.pagefactory.DefaultElementLocator.findElement(DefaultElementLocator.java:69)
at org.openqa.selenium.support.pagefactory.internal.LocatingElementHandler.invoke(LocatingElementHandler.java:38)
at com.sun.proxy.$Proxy9.click(Unknown Source)
at com.catagoriesPage.categoriesPage.productDescription(categoriesPage.java:235)
at com.TestCategoriesPage.CategoriesPageTest.validproductDescription(CategoriesPageTest.java:72)
at java.util.ArrayList.forEach(ArrayList.java:1255)
... Removed 38 stack frames]]>
    </failure>
  </testcase> <!-- validproductDescription -->
</testsuite> <!-- my prime shop Test Cases -->
