<?xml version="1.0" encoding="UTF-8"?>
<testsuite xmlns:xsi="http://www.w3.org/2001/XMLSchema-instance" xsi:noNamespaceSchemaLocation="https://maven.apache.org/surefire/maven-surefire-plugin/xsd/surefire-test-report-3.0.xsd" version="3.0" name="TestSuite" time="339.75" tests="11" errors="0" skipped="0" failures="2">
  <properties>
    <property name="sun.desktop" value="windows"/>
    <property name="awt.toolkit" value="sun.awt.windows.WToolkit"/>
    <property name="file.encoding.pkg" value="sun.io"/>
    <property name="java.specification.version" value="1.8"/>
    <property name="webdriver.chrome.driver" value="chromedriver.exe"/>
    <property name="sun.cpu.isalist" value="pentium_pro+mmx pentium_pro pentium+mmx pentium i486 i386 i86"/>
    <property name="sun.jnu.encoding" value="Cp1252"/>
    <property name="java.class.path" value="C:\Users\Akshay\.m2\repository\org\apache\maven\surefire\surefire-booter\3.0.0-M5\surefire-booter-3.0.0-M5.jar;C:\Users\Akshay\.m2\repository\org\apache\maven\surefire\surefire-api\3.0.0-M5\surefire-api-3.0.0-M5.jar;C:\Users\Akshay\.m2\repository\org\apache\maven\surefire\surefire-logger-api\3.0.0-M5\surefire-logger-api-3.0.0-M5.jar;C:\Users\Akshay\.m2\repository\org\apache\maven\surefire\surefire-shared-utils\3.0.0-M4\surefire-shared-utils-3.0.0-M4.jar;C:\Users\Akshay\.m2\repository\org\apache\maven\surefire\surefire-extensions-spi\3.0.0-M5\surefire-extensions-spi-3.0.0-M5.jar;C:\Users\Akshay\git\12_april-ecommerse\target\test-classes;C:\Users\Akshay\git\12_april-ecommerse\target\classes;C:\Users\Akshay\.m2\repository\org\apache\poi\poi-ooxml\4.1.1\poi-ooxml-4.1.1.jar;C:\Users\Akshay\.m2\repository\org\apache\poi\poi-ooxml-schemas\4.1.1\poi-ooxml-schemas-4.1.1.jar;C:\Users\Akshay\.m2\repository\org\apache\xmlbeans\xmlbeans\3.1.0\xmlbeans-3.1.0.jar;C:\Users\Akshay\.m2\repository\org\apache\commons\commons-compress\1.19\commons-compress-1.19.jar;C:\Users\Akshay\.m2\repository\com\github\virtuald\curvesapi\1.06\curvesapi-1.06.jar;C:\Users\Akshay\.m2\repository\commons-io\commons-io\2.4\commons-io-2.4.jar;C:\Users\Akshay\.m2\repository\org\apache\poi\poi-scratchpad\4.1.1\poi-scratchpad-4.1.1.jar;C:\Users\Akshay\.m2\repository\org\apache\poi\poi\4.1.1\poi-4.1.1.jar;C:\Users\Akshay\.m2\repository\commons-codec\commons-codec\1.13\commons-codec-1.13.jar;C:\Users\Akshay\.m2\repository\org\apache\commons\commons-collections4\4.4\commons-collections4-4.4.jar;C:\Users\Akshay\.m2\repository\org\apache\commons\commons-math3\3.6.1\commons-math3-3.6.1.jar;C:\Users\Akshay\.m2\repository\net\sourceforge\jexcelapi\jxl\2.6\jxl-2.6.jar;C:\Users\Akshay\.m2\repository\com\relevantcodes\extentreports\2.41.2\extentreports-2.41.2.jar;C:\Users\Akshay\.m2\repository\org\jsoup\jsoup\1.8.3\jsoup-1.8.3.jar;C:\Users\Akshay\.m2\repository\org\xerial\sqlite-jdbc\3.8.11.1\sqlite-jdbc-3.8.11.1.jar;C:\Users\Akshay\.m2\repository\org\freemarker\freemarker\2.3.23\freemarker-2.3.23.jar;C:\Users\Akshay\.m2\repository\org\mongodb\mongodb-driver\3.0.4\mongodb-driver-3.0.4.jar;C:\Users\Akshay\.m2\repository\org\mongodb\bson\3.0.4\bson-3.0.4.jar;C:\Users\Akshay\.m2\repository\org\mongodb\mongodb-driver-core\3.0.4\mongodb-driver-core-3.0.4.jar;C:\Users\Akshay\.m2\repository\log4j\log4j\1.2.17\log4j-1.2.17.jar;C:\Users\Akshay\.m2\repository\org\testng\testng\7.3.0\testng-7.3.0.jar;C:\Users\Akshay\.m2\repository\com\beust\jcommander\1.78\jcommander-1.78.jar;C:\Users\Akshay\.m2\repository\org\apache\ant\ant\1.10.3\ant-1.10.3.jar;C:\Users\Akshay\.m2\repository\org\apache\ant\ant-launcher\1.10.3\ant-launcher-1.10.3.jar;C:\Users\Akshay\.m2\repository\junit\junit\4.12\junit-4.12.jar;C:\Users\Akshay\.m2\repository\org\hamcrest\hamcrest-core\1.3\hamcrest-core-1.3.jar;C:\Users\Akshay\.m2\repository\com\google\inject\guice\4.2.2\guice-4.2.2-no_aop.jar;C:\Users\Akshay\.m2\repository\javax\inject\javax.inject\1\javax.inject-1.jar;C:\Users\Akshay\.m2\repository\aopalliance\aopalliance\1.0\aopalliance-1.0.jar;C:\Users\Akshay\.m2\repository\org\yaml\snakeyaml\1.21\snakeyaml-1.21.jar;C:\Users\Akshay\.m2\repository\org\seleniumhq\selenium\selenium-java\3.141.59\selenium-java-3.141.59.jar;C:\Users\Akshay\.m2\repository\org\seleniumhq\selenium\selenium-api\3.141.59\selenium-api-3.141.59.jar;C:\Users\Akshay\.m2\repository\org\seleniumhq\selenium\selenium-chrome-driver\3.141.59\selenium-chrome-driver-3.141.59.jar;C:\Users\Akshay\.m2\repository\org\seleniumhq\selenium\selenium-edge-driver\3.141.59\selenium-edge-driver-3.141.59.jar;C:\Users\Akshay\.m2\repository\org\seleniumhq\selenium\selenium-firefox-driver\3.141.59\selenium-firefox-driver-3.141.59.jar;C:\Users\Akshay\.m2\repository\org\seleniumhq\selenium\selenium-ie-driver\3.141.59\selenium-ie-driver-3.141.59.jar;C:\Users\Akshay\.m2\repository\org\seleniumhq\selenium\selenium-opera-driver\3.141.59\selenium-opera-driver-3.141.59.jar;C:\Users\Akshay\.m2\repository\org\seleniumhq\selenium\selenium-remote-driver\3.141.59\selenium-remote-driver-3.141.59.jar;C:\Users\Akshay\.m2\repository\org\seleniumhq\selenium\selenium-safari-driver\3.141.59\selenium-safari-driver-3.141.59.jar;C:\Users\Akshay\.m2\repository\org\seleniumhq\selenium\selenium-support\3.141.59\selenium-support-3.141.59.jar;C:\Users\Akshay\.m2\repository\net\bytebuddy\byte-buddy\1.8.15\byte-buddy-1.8.15.jar;C:\Users\Akshay\.m2\repository\org\apache\commons\commons-exec\1.3\commons-exec-1.3.jar;C:\Users\Akshay\.m2\repository\com\google\guava\guava\25.0-jre\guava-25.0-jre.jar;C:\Users\Akshay\.m2\repository\com\google\code\findbugs\jsr305\1.3.9\jsr305-1.3.9.jar;C:\Users\Akshay\.m2\repository\org\checkerframework\checker-compat-qual\2.0.0\checker-compat-qual-2.0.0.jar;C:\Users\Akshay\.m2\repository\com\google\errorprone\error_prone_annotations\2.1.3\error_prone_annotations-2.1.3.jar;C:\Users\Akshay\.m2\repository\com\google\j2objc\j2objc-annotations\1.1\j2objc-annotations-1.1.jar;C:\Users\Akshay\.m2\repository\org\codehaus\mojo\animal-sniffer-annotations\1.14\animal-sniffer-annotations-1.14.jar;C:\Users\Akshay\.m2\repository\com\squareup\okhttp3\okhttp\3.11.0\okhttp-3.11.0.jar;C:\Users\Akshay\.m2\repository\com\squareup\okio\okio\1.14.0\okio-1.14.0.jar;C:\Users\Akshay\.m2\repository\org\apache\maven\surefire\surefire-testng\3.0.0-M5\surefire-testng-3.0.0-M5.jar;C:\Users\Akshay\.m2\repository\org\apache\maven\surefire\common-java5\3.0.0-M5\common-java5-3.0.0-M5.jar;C:\Users\Akshay\.m2\repository\org\apache\maven\surefire\surefire-testng-utils\3.0.0-M5\surefire-testng-utils-3.0.0-M5.jar;C:\Users\Akshay\.m2\repository\org\apache\maven\surefire\surefire-grouper\3.0.0-M5\surefire-grouper-3.0.0-M5.jar"/>
    <property name="java.vm.vendor" value="Oracle Corporation"/>
    <property name="sun.arch.data.model" value="32"/>
    <property name="user.variant" value=""/>
    <property name="java.vendor.url" value="http://java.oracle.com/"/>
    <property name="user.timezone" value="Asia/Calcutta"/>
    <property name="java.vm.specification.version" value="1.8"/>
    <property name="os.name" value="Windows 10"/>
    <property name="user.country" value="IN"/>
    <property name="sun.java.launcher" value="SUN_STANDARD"/>
    <property name="sun.boot.library.path" value="C:\Program Files (x86)\Java\jdk1.8.0_151\jre\bin"/>
    <property name="sun.java.command" value="org.apache.maven.surefire.booter.ForkedBooter C:\Users\Akshay\AppData\Local\Temp\surefire1828900033388447673 2021-04-18T19-31-51_145-jvmRun1 surefire3874570851261883484tmp surefire_0918308248015240463tmp"/>
    <property name="surefire.test.class.path" value="C:\Users\Akshay\git\12_april-ecommerse\target\test-classes;C:\Users\Akshay\git\12_april-ecommerse\target\classes;C:\Users\Akshay\.m2\repository\org\apache\poi\poi-ooxml\4.1.1\poi-ooxml-4.1.1.jar;C:\Users\Akshay\.m2\repository\org\apache\poi\poi-ooxml-schemas\4.1.1\poi-ooxml-schemas-4.1.1.jar;C:\Users\Akshay\.m2\repository\org\apache\xmlbeans\xmlbeans\3.1.0\xmlbeans-3.1.0.jar;C:\Users\Akshay\.m2\repository\org\apache\commons\commons-compress\1.19\commons-compress-1.19.jar;C:\Users\Akshay\.m2\repository\com\github\virtuald\curvesapi\1.06\curvesapi-1.06.jar;C:\Users\Akshay\.m2\repository\commons-io\commons-io\2.4\commons-io-2.4.jar;C:\Users\Akshay\.m2\repository\org\apache\poi\poi-scratchpad\4.1.1\poi-scratchpad-4.1.1.jar;C:\Users\Akshay\.m2\repository\org\apache\poi\poi\4.1.1\poi-4.1.1.jar;C:\Users\Akshay\.m2\repository\commons-codec\commons-codec\1.13\commons-codec-1.13.jar;C:\Users\Akshay\.m2\repository\org\apache\commons\commons-collections4\4.4\commons-collections4-4.4.jar;C:\Users\Akshay\.m2\repository\org\apache\commons\commons-math3\3.6.1\commons-math3-3.6.1.jar;C:\Users\Akshay\.m2\repository\net\sourceforge\jexcelapi\jxl\2.6\jxl-2.6.jar;C:\Users\Akshay\.m2\repository\com\relevantcodes\extentreports\2.41.2\extentreports-2.41.2.jar;C:\Users\Akshay\.m2\repository\org\jsoup\jsoup\1.8.3\jsoup-1.8.3.jar;C:\Users\Akshay\.m2\repository\org\xerial\sqlite-jdbc\3.8.11.1\sqlite-jdbc-3.8.11.1.jar;C:\Users\Akshay\.m2\repository\org\freemarker\freemarker\2.3.23\freemarker-2.3.23.jar;C:\Users\Akshay\.m2\repository\org\mongodb\mongodb-driver\3.0.4\mongodb-driver-3.0.4.jar;C:\Users\Akshay\.m2\repository\org\mongodb\bson\3.0.4\bson-3.0.4.jar;C:\Users\Akshay\.m2\repository\org\mongodb\mongodb-driver-core\3.0.4\mongodb-driver-core-3.0.4.jar;C:\Users\Akshay\.m2\repository\log4j\log4j\1.2.17\log4j-1.2.17.jar;C:\Users\Akshay\.m2\repository\org\testng\testng\7.3.0\testng-7.3.0.jar;C:\Users\Akshay\.m2\repository\com\beust\jcommander\1.78\jcommander-1.78.jar;C:\Users\Akshay\.m2\repository\org\apache\ant\ant\1.10.3\ant-1.10.3.jar;C:\Users\Akshay\.m2\repository\org\apache\ant\ant-launcher\1.10.3\ant-launcher-1.10.3.jar;C:\Users\Akshay\.m2\repository\junit\junit\4.12\junit-4.12.jar;C:\Users\Akshay\.m2\repository\org\hamcrest\hamcrest-core\1.3\hamcrest-core-1.3.jar;C:\Users\Akshay\.m2\repository\com\google\inject\guice\4.2.2\guice-4.2.2-no_aop.jar;C:\Users\Akshay\.m2\repository\javax\inject\javax.inject\1\javax.inject-1.jar;C:\Users\Akshay\.m2\repository\aopalliance\aopalliance\1.0\aopalliance-1.0.jar;C:\Users\Akshay\.m2\repository\org\yaml\snakeyaml\1.21\snakeyaml-1.21.jar;C:\Users\Akshay\.m2\repository\org\seleniumhq\selenium\selenium-java\3.141.59\selenium-java-3.141.59.jar;C:\Users\Akshay\.m2\repository\org\seleniumhq\selenium\selenium-api\3.141.59\selenium-api-3.141.59.jar;C:\Users\Akshay\.m2\repository\org\seleniumhq\selenium\selenium-chrome-driver\3.141.59\selenium-chrome-driver-3.141.59.jar;C:\Users\Akshay\.m2\repository\org\seleniumhq\selenium\selenium-edge-driver\3.141.59\selenium-edge-driver-3.141.59.jar;C:\Users\Akshay\.m2\repository\org\seleniumhq\selenium\selenium-firefox-driver\3.141.59\selenium-firefox-driver-3.141.59.jar;C:\Users\Akshay\.m2\repository\org\seleniumhq\selenium\selenium-ie-driver\3.141.59\selenium-ie-driver-3.141.59.jar;C:\Users\Akshay\.m2\repository\org\seleniumhq\selenium\selenium-opera-driver\3.141.59\selenium-opera-driver-3.141.59.jar;C:\Users\Akshay\.m2\repository\org\seleniumhq\selenium\selenium-remote-driver\3.141.59\selenium-remote-driver-3.141.59.jar;C:\Users\Akshay\.m2\repository\org\seleniumhq\selenium\selenium-safari-driver\3.141.59\selenium-safari-driver-3.141.59.jar;C:\Users\Akshay\.m2\repository\org\seleniumhq\selenium\selenium-support\3.141.59\selenium-support-3.141.59.jar;C:\Users\Akshay\.m2\repository\net\bytebuddy\byte-buddy\1.8.15\byte-buddy-1.8.15.jar;C:\Users\Akshay\.m2\repository\org\apache\commons\commons-exec\1.3\commons-exec-1.3.jar;C:\Users\Akshay\.m2\repository\com\google\guava\guava\25.0-jre\guava-25.0-jre.jar;C:\Users\Akshay\.m2\repository\com\google\code\findbugs\jsr305\1.3.9\jsr305-1.3.9.jar;C:\Users\Akshay\.m2\repository\org\checkerframework\checker-compat-qual\2.0.0\checker-compat-qual-2.0.0.jar;C:\Users\Akshay\.m2\repository\com\google\errorprone\error_prone_annotations\2.1.3\error_prone_annotations-2.1.3.jar;C:\Users\Akshay\.m2\repository\com\google\j2objc\j2objc-annotations\1.1\j2objc-annotations-1.1.jar;C:\Users\Akshay\.m2\repository\org\codehaus\mojo\animal-sniffer-annotations\1.14\animal-sniffer-annotations-1.14.jar;C:\Users\Akshay\.m2\repository\com\squareup\okhttp3\okhttp\3.11.0\okhttp-3.11.0.jar;C:\Users\Akshay\.m2\repository\com\squareup\okio\okio\1.14.0\okio-1.14.0.jar;"/>
    <property name="sun.cpu.endian" value="little"/>
    <property name="user.home" value="C:\Users\Akshay"/>
    <property name="user.language" value="en"/>
    <property name="java.specification.vendor" value="Oracle Corporation"/>
    <property name="java.home" value="C:\Program Files (x86)\Java\jdk1.8.0_151\jre"/>
    <property name="basedir" value="C:\Users\Akshay\git\12_april-ecommerse"/>
    <property name="file.separator" value="\"/>
    <property name="line.separator" value="&#10;"/>
    <property name="java.vm.specification.vendor" value="Oracle Corporation"/>
    <property name="java.specification.name" value="Java Platform API Specification"/>
    <property name="java.awt.graphicsenv" value="sun.awt.Win32GraphicsEnvironment"/>
    <property name="sun.boot.class.path" value="C:\Program Files (x86)\Java\jdk1.8.0_151\jre\lib\resources.jar;C:\Program Files (x86)\Java\jdk1.8.0_151\jre\lib\rt.jar;C:\Program Files (x86)\Java\jdk1.8.0_151\jre\lib\sunrsasign.jar;C:\Program Files (x86)\Java\jdk1.8.0_151\jre\lib\jsse.jar;C:\Program Files (x86)\Java\jdk1.8.0_151\jre\lib\jce.jar;C:\Program Files (x86)\Java\jdk1.8.0_151\jre\lib\charsets.jar;C:\Program Files (x86)\Java\jdk1.8.0_151\jre\lib\jfr.jar;C:\Program Files (x86)\Java\jdk1.8.0_151\jre\classes"/>
    <property name="user.script" value=""/>
    <property name="sun.management.compiler" value="HotSpot Client Compiler"/>
    <property name="java.runtime.version" value="1.8.0_151-b12"/>
    <property name="user.name" value="Akshay"/>
    <property name="path.separator" value=";"/>
    <property name="os.version" value="10.0"/>
    <property name="java.endorsed.dirs" value="C:\Program Files (x86)\Java\jdk1.8.0_151\jre\lib\endorsed"/>
    <property name="java.runtime.name" value="Java(TM) SE Runtime Environment"/>
    <property name="file.encoding" value="Cp1252"/>
    <property name="java.vm.name" value="Java HotSpot(TM) Client VM"/>
    <property name="localRepository" value="C:\Users\Akshay\.m2\repository"/>
    <property name="java.vendor.url.bug" value="http://bugreport.sun.com/bugreport/"/>
    <property name="java.io.tmpdir" value="C:\Users\Akshay\AppData\Local\Temp\"/>
    <property name="java.version" value="1.8.0_151"/>
    <property name="user.dir" value="C:\Users\Akshay\git\12_april-ecommerse"/>
    <property name="os.arch" value="x86"/>
    <property name="java.vm.specification.name" value="Java Virtual Machine Specification"/>
    <property name="java.awt.printerjob" value="sun.awt.windows.WPrinterJob"/>
    <property name="sun.os.patch.level" value=""/>
    <property name="java.library.path" value="C:\Program Files (x86)\Java\jdk1.8.0_151\jre\bin;C:\Windows\Sun\Java\bin;C:\Windows\system32;C:\Windows;C:\Users\Akshay\.jenkins\tools\hudson.tasks.Maven_MavenInstallation\Maven/bin;C:\Program Files (x86)\Java\jdk1.8.0_151/bin;C:\Program Files (x86)\Java\jdk1.8.0_151/bin;C:\Program Files (x86)\Java\jdk1.8.0_151\bin;C:\Program Files (x86)\Java\jre1.8.0_151\bin;C:\Program Files (x86)\Java\jdk1.8.0_151\bin;C:\Windows\system32;C:\Windows;C:\Windows\System32\Wbem;C:\Windows\System32\WindowsPowerShell\v1.0\;C:\Windows\System32\OpenSSH\;C:\Users\Akshay\AppData\Local\Microsoft\WindowsApps;C:\adb;C:\Program Files (x86)\ATI Technologies\ATI.ACE\Core-Static;C:\maven\apache-maven-3.6.3\bin;C:\Users\Akshay\AppData\Local\Microsoft\WindowsApps;;."/>
    <property name="java.vm.info" value="mixed mode, sharing"/>
    <property name="java.vendor" value="Oracle Corporation"/>
    <property name="java.vm.version" value="25.151-b12"/>
    <property name="java.ext.dirs" value="C:\Program Files (x86)\Java\jdk1.8.0_151\jre\lib\ext;C:\Windows\Sun\Java\lib\ext"/>
    <property name="sun.io.unicode.encoding" value="UnicodeLittle"/>
    <property name="java.class.version" value="52.0"/>
  </properties>
  <testcase name="crossBtn" classname="com.TestCategoriesPage.CategoriesPageTest" time="1.624">
    <system-out><![CDATA[Before navigating to: 'https://myshopprime.com/suhas.dhanorkar1'
Navigated to:'https://myshopprime.com/suhas.dhanorkar1'
Trying to find Element By : By.xpath: //button[@class="focus:outline-none border-0 p-2"]
Found Element By : By.xpath: //button[@class="focus:outline-none border-0 p-2"]
Trying to click on: [[ChromeDriver: chrome on WINDOWS (af75fdc88c06bf8761e74223ad38a090)] -> xpath: //button[@class="focus:outline-none border-0 p-2"]]
Clicked on: [[ChromeDriver: chrome on WINDOWS (af75fdc88c06bf8761e74223ad38a090)] -> xpath: //button[@class="focus:outline-none border-0 p-2"]]
04-18-2021 19:32:18 categoriesPage.java INFO  [main] testbase.TestBase 33 - cross btn is clicked
]]></system-out>
    <system-err><![CDATA[Starting ChromeDriver 89.0.4389.23 (61b08ee2c50024bab004e48d2b1b083cdbdac579-refs/branch-heads/4389@{#294}) on port 4092
Only local connections are allowed.
Please see https://chromedriver.chromium.org/security-considerations for suggestions on keeping ChromeDriver safe.
ChromeDriver was started successfully.
Apr 18, 2021 7:32:00 PM org.openqa.selenium.remote.ProtocolHandshake createSession
INFO: Detected dialect: W3C
]]></system-err>
  </testcase>
  <testcase name="categoryBtn" classname="com.TestCategoriesPage.CategoriesPageTest" time="0.176">
    <system-out><![CDATA[Trying to find Element By : By.xpath: //p[text()="Categories"]
Found Element By : By.xpath: //p[text()="Categories"]
Trying to click on: [[ChromeDriver: chrome on WINDOWS (af75fdc88c06bf8761e74223ad38a090)] -> xpath: //p[text()="Categories"]]
Clicked on: [[ChromeDriver: chrome on WINDOWS (af75fdc88c06bf8761e74223ad38a090)] -> xpath: //p[text()="Categories"]]
04-18-2021 19:32:19 categoriesPage.java INFO  [main] testbase.TestBase 37 - category btn is clicked
]]></system-out>
  </testcase>
  <testcase name="validTitle" classname="com.TestCategoriesPage.CategoriesPageTest" time="0.008">
    <system-out><![CDATA[04-18-2021 19:32:19 categoriesPage.java INFO  [main] testbase.TestBase 43 - Page title matched::MyShopPrime
]]></system-out>
  </testcase>
  <testcase name="validCategories" classname="com.TestCategoriesPage.CategoriesPageTest" time="43.203">
    <system-out><![CDATA[Trying to find Element By : By.xpath: //div[text()='Women']
Found Element By : By.xpath: //div[text()='Women']
Trying to find Element By : By.xpath: //div[text()='Women']
Found Element By : By.xpath: //div[text()='Women']
Trying to find Element By : By.xpath: //div[text()='Men']
Found Element By : By.xpath: //div[text()='Men']
Trying to find Element By : By.xpath: //div[text()='Men']
Found Element By : By.xpath: //div[text()='Men']
Trying to find Element By : By.xpath: //div[text()='Baby & Kids']
Found Element By : By.xpath: //div[text()='Baby & Kids']
Trying to find Element By : By.xpath: //div[text()='Baby & Kids']
Found Element By : By.xpath: //div[text()='Baby & Kids']
Trying to find Element By : By.xpath: //div[text()='Home & Living']
Found Element By : By.xpath: //div[text()='Home & Living']
Trying to find Element By : By.xpath: //div[text()='Home & Living']
Found Element By : By.xpath: //div[text()='Home & Living']
04-18-2021 19:33:02 categoriesPage.java INFO  [main] testbase.TestBase 64 - Page Header Matched::[Women, Men, Baby & Kids, Home & Living]
]]></system-out>
  </testcase>
  <testcase name="validByCategoriElement" classname="com.TestCategoriesPage.CategoriesPageTest" time="41.78">
    <failure message="no such element: Unable to locate element: {&quot;method&quot;:&quot;xpath&quot;,&quot;selector&quot;:&quot;//a[text()=&apos;Kitchen Tools&apos;]&quot;}&#10;  (Session info: chrome=89.0.4389.128)&#10;For documentation on this error, please visit: https://www.seleniumhq.org/exceptions/no_such_element.html&#10;Build info: version: &apos;3.141.59&apos;, revision: &apos;e82be7d358&apos;, time: &apos;2018-11-14T08:17:03&apos;&#10;System info: host: &apos;DESKTOP-LI51MAN&apos;, ip: &apos;192.168.43.195&apos;, os.name: &apos;Windows 10&apos;, os.arch: &apos;x86&apos;, os.version: &apos;10.0&apos;, java.version: &apos;1.8.0_151&apos;&#10;Driver info: org.openqa.selenium.chrome.ChromeDriver&#10;Capabilities {acceptInsecureCerts: false, browserName: chrome, browserVersion: 89.0.4389.128, chrome: {chromedriverVersion: 89.0.4389.23 (61b08ee2c5002..., userDataDir: C:\Users\Akshay\AppData\Loc...}, goog:chromeOptions: {debuggerAddress: localhost:54000}, javascriptEnabled: true, networkConnectionEnabled: false, pageLoadStrategy: normal, platform: WINDOWS, platformName: WINDOWS, proxy: Proxy(), setWindowRect: true, strictFileInteractability: false, timeouts: {implicit: 0, pageLoad: 300000, script: 30000}, unhandledPromptBehavior: dismiss and notify, webauthn:extension:largeBlob: true, webauthn:virtualAuthenticators: true}&#10;Session ID: af75fdc88c06bf8761e74223ad38a090&#10;*** Element info: {Using=xpath, value=//a[text()=&apos;Kitchen Tools&apos;]}" type="org.openqa.selenium.NoSuchElementException"><![CDATA[org.openqa.selenium.NoSuchElementException: 
no such element: Unable to locate element: {"method":"xpath","selector":"//a[text()='Kitchen Tools']"}
  (Session info: chrome=89.0.4389.128)
For documentation on this error, please visit: https://www.seleniumhq.org/exceptions/no_such_element.html
Build info: version: '3.141.59', revision: 'e82be7d358', time: '2018-11-14T08:17:03'
System info: host: 'DESKTOP-LI51MAN', ip: '192.168.43.195', os.name: 'Windows 10', os.arch: 'x86', os.version: '10.0', java.version: '1.8.0_151'
Driver info: org.openqa.selenium.chrome.ChromeDriver
Capabilities {acceptInsecureCerts: false, browserName: chrome, browserVersion: 89.0.4389.128, chrome: {chromedriverVersion: 89.0.4389.23 (61b08ee2c5002..., userDataDir: C:\Users\Akshay\AppData\Loc...}, goog:chromeOptions: {debuggerAddress: localhost:54000}, javascriptEnabled: true, networkConnectionEnabled: false, pageLoadStrategy: normal, platform: WINDOWS, platformName: WINDOWS, proxy: Proxy(), setWindowRect: true, strictFileInteractability: false, timeouts: {implicit: 0, pageLoad: 300000, script: 30000}, unhandledPromptBehavior: dismiss and notify, webauthn:extension:largeBlob: true, webauthn:virtualAuthenticators: true}
Session ID: af75fdc88c06bf8761e74223ad38a090
*** Element info: {Using=xpath, value=//a[text()='Kitchen Tools']}
	at com.TestCategoriesPage.CategoriesPageTest.validByCategoriElement(CategoriesPageTest.java:48)
]]></failure>
    <system-out><![CDATA[Trying to find Element By : By.xpath: //a[text()='Wallets']
Found Element By : By.xpath: //a[text()='Wallets']
Trying to find Element By : By.xpath: //a[text()='Wallets']
Found Element By : By.xpath: //a[text()='Wallets']
Trying to find Element By : By.xpath: //a[text()='Active Wear']
Found Element By : By.xpath: //a[text()='Active Wear']
Trying to find Element By : By.xpath: //a[text()='Active Wear']
Found Element By : By.xpath: //a[text()='Active Wear']
Trying to find Element By : By.xpath: //a[text()='Messenger & Duffle Bags']
Found Element By : By.xpath: //a[text()='Messenger & Duffle Bags']
Trying to find Element By : By.xpath: //a[text()='Messenger & Duffle Bags']
Found Element By : By.xpath: //a[text()='Messenger & Duffle Bags']
Trying to find Element By : By.xpath: //a[text()='Kitchen Tools']
Exception occured: org.openqa.selenium.NoSuchElementException: no such element: Unable to locate element: {"method":"xpath","selector":"//a[text()='Kitchen Tools']"}
  (Session info: chrome=89.0.4389.128)
For documentation on this error, please visit: https://www.seleniumhq.org/exceptions/no_such_element.html
Build info: version: '3.141.59', revision: 'e82be7d358', time: '2018-11-14T08:17:03'
System info: host: 'DESKTOP-LI51MAN', ip: '192.168.43.195', os.name: 'Windows 10', os.arch: 'x86', os.version: '10.0', java.version: '1.8.0_151'
Driver info: org.openqa.selenium.chrome.ChromeDriver
Capabilities {acceptInsecureCerts: false, browserName: chrome, browserVersion: 89.0.4389.128, chrome: {chromedriverVersion: 89.0.4389.23 (61b08ee2c5002..., userDataDir: C:\Users\Akshay\AppData\Loc...}, goog:chromeOptions: {debuggerAddress: localhost:54000}, javascriptEnabled: true, networkConnectionEnabled: false, pageLoadStrategy: normal, platform: WINDOWS, platformName: WINDOWS, proxy: Proxy(), setWindowRect: true, strictFileInteractability: false, timeouts: {implicit: 0, pageLoad: 300000, script: 30000}, unhandledPromptBehavior: dismiss and notify, webauthn:extension:largeBlob: true, webauthn:virtualAuthenticators: true}
Session ID: af75fdc88c06bf8761e74223ad38a090
*** Element info: {Using=xpath, value=//a[text()='Kitchen Tools']}
]]></system-out>
  </testcase>
  <testcase name="validWomenProducts" classname="com.TestCategoriesPage.CategoriesPageTest" time="5.982">
    <system-out><![CDATA[Trying to find Element By : By.xpath: //div[text()="Women"]
Found Element By : By.xpath: //div[text()="Women"]
Trying to click on: [[ChromeDriver: chrome on WINDOWS (af75fdc88c06bf8761e74223ad38a090)] -> xpath: //div[text()="Women"]]
Clicked on: [[ChromeDriver: chrome on WINDOWS (af75fdc88c06bf8761e74223ad38a090)] -> xpath: //div[text()="Women"]]
Trying to find Element By : By.xpath: //div[text()='Ethnic Wear']
Found Element By : By.xpath: //div[text()='Ethnic Wear']
Trying to find Element By : By.xpath: //div[text()='Ethnic Wear']
Found Element By : By.xpath: //div[text()='Ethnic Wear']
Trying to find Element By : By.xpath: //div[text()='Western Wear']
Found Element By : By.xpath: //div[text()='Western Wear']
Trying to find Element By : By.xpath: //div[text()='Western Wear']
Found Element By : By.xpath: //div[text()='Western Wear']
Trying to find Element By : By.xpath: //div[text()='Jewellery']
Found Element By : By.xpath: //div[text()='Jewellery']
Trying to find Element By : By.xpath: //div[text()='Jewellery']
Found Element By : By.xpath: //div[text()='Jewellery']
Trying to find Element By : By.xpath: //div[text()='Watches & Wearables']
Found Element By : By.xpath: //div[text()='Watches & Wearables']
Trying to find Element By : By.xpath: //div[text()='Watches & Wearables']
Found Element By : By.xpath: //div[text()='Watches & Wearables']
Trying to find Element By : By.xpath: //div[text()='Winter Wear']
Found Element By : By.xpath: //div[text()='Winter Wear']
Trying to find Element By : By.xpath: //div[text()='Winter Wear']
Found Element By : By.xpath: //div[text()='Winter Wear']
04-18-2021 19:33:50 categoriesPage.java INFO  [main] testbase.TestBase 106 - Page women products is Matched::[Ethnic Wear, Western Wear, Jewellery, Watches & Wearables, Winter Wear]
]]></system-out>
  </testcase>
  <testcase name="validproductswallet" classname="com.TestCategoriesPage.CategoriesPageTest" time="24.27">
    <system-out><![CDATA[Trying to find Element By : By.linkText: Wallets
Found Element By : By.linkText: Wallets
Trying to click on: [[ChromeDriver: chrome on WINDOWS (af75fdc88c06bf8761e74223ad38a090)] -> link text: Wallets]
Clicked on: [[ChromeDriver: chrome on WINDOWS (af75fdc88c06bf8761e74223ad38a090)] -> link text: Wallets]
Trying to find Element By : By.xpath: //p[text()='Essential Genuine Leather Solid Wallet']
Found Element By : By.xpath: //p[text()='Essential Genuine Leather Solid Wallet']
Trying to find Element By : By.xpath: //p[text()='Essential Genuine Leather Solid Wallet']
Found Element By : By.xpath: //p[text()='Essential Genuine Leather Solid Wallet']
Trying to find Element By : By.xpath: //p[text()='Trendy PU Black Chip ATM Wallet For Men']
Found Element By : By.xpath: //p[text()='Trendy PU Black Chip ATM Wallet For Men']
Trying to find Element By : By.xpath: //p[text()='Trendy PU Black Chip ATM Wallet For Men']
Found Element By : By.xpath: //p[text()='Trendy PU Black Chip ATM Wallet For Men']
Trying to find Element By : By.xpath: //p[text()='Trendy PU Card Holder Wallet']
Found Element By : By.xpath: //p[text()='Trendy PU Card Holder Wallet']
Trying to find Element By : By.xpath: //p[text()='Trendy PU Card Holder Wallet']
Found Element By : By.xpath: //p[text()='Trendy PU Card Holder Wallet']
Navigating back to previous page
Navigated back to previous page
04-18-2021 19:34:14 categoriesPage.java INFO  [main] testbase.TestBase 129 - Page product wallet is Matched::[Essential Genuine Leather Solid Wallet, Trendy PU Black Chip ATM Wallet For Men, Trendy PU Card Holder Wallet]
]]></system-out>
  </testcase>
  <testcase name="validProductMassagnerDuffle" classname="com.TestCategoriesPage.CategoriesPageTest" time="8.805">
    <system-out><![CDATA[Trying to find Element By : By.linkText: Messenger & Duffle Bags
Found Element By : By.linkText: Messenger & Duffle Bags
Trying to click on: [[ChromeDriver: chrome on WINDOWS (af75fdc88c06bf8761e74223ad38a090)] -> link text: Messenger & Duffle Bags]
Clicked on: [[ChromeDriver: chrome on WINDOWS (af75fdc88c06bf8761e74223ad38a090)] -> link text: Messenger & Duffle Bags]
Trying to find Element By : By.xpath: //p[@class="text-xs truncate text-gray-600 leading-6 mb-2"]
Found Element By : By.xpath: //p[@class="text-xs truncate text-gray-600 leading-6 mb-2"]
Navigating back to previous page
Navigated back to previous page
04-18-2021 19:34:23 categoriesPage.java INFO  [main] testbase.TestBase 151 - Page products in messenger and duffles is Matched::[ADK Red color Sling-Messenger Bag-AD-BAG-001, ADK Black color Silb-Messenge Bag-AD-BAG-002, ADK Tan color Silng-Messenge Bag-AD-BAG-003, ADK Dark Blue color Silng-Messenge Bag-]
]]></system-out>
  </testcase>
  <testcase name="validToolsInKitchen" classname="com.TestCategoriesPage.CategoriesPageTest" time="20.428">
    <failure message="no such element: Unable to locate element: {&quot;method&quot;:&quot;link text&quot;,&quot;selector&quot;:&quot;Kitchen Tools&quot;}&#10;  (Session info: chrome=89.0.4389.128)&#10;For documentation on this error, please visit: https://www.seleniumhq.org/exceptions/no_such_element.html&#10;Build info: version: &apos;3.141.59&apos;, revision: &apos;e82be7d358&apos;, time: &apos;2018-11-14T08:17:03&apos;&#10;System info: host: &apos;DESKTOP-LI51MAN&apos;, ip: &apos;192.168.43.195&apos;, os.name: &apos;Windows 10&apos;, os.arch: &apos;x86&apos;, os.version: &apos;10.0&apos;, java.version: &apos;1.8.0_151&apos;&#10;Driver info: org.openqa.selenium.chrome.ChromeDriver&#10;Capabilities {acceptInsecureCerts: false, browserName: chrome, browserVersion: 89.0.4389.128, chrome: {chromedriverVersion: 89.0.4389.23 (61b08ee2c5002..., userDataDir: C:\Users\Akshay\AppData\Loc...}, goog:chromeOptions: {debuggerAddress: localhost:54000}, javascriptEnabled: true, networkConnectionEnabled: false, pageLoadStrategy: normal, platform: WINDOWS, platformName: WINDOWS, proxy: Proxy(), setWindowRect: true, strictFileInteractability: false, timeouts: {implicit: 0, pageLoad: 300000, script: 30000}, unhandledPromptBehavior: dismiss and notify, webauthn:extension:largeBlob: true, webauthn:virtualAuthenticators: true}&#10;Session ID: af75fdc88c06bf8761e74223ad38a090&#10;*** Element info: {Using=link text, value=Kitchen Tools}" type="org.openqa.selenium.NoSuchElementException"><![CDATA[org.openqa.selenium.NoSuchElementException: 
no such element: Unable to locate element: {"method":"link text","selector":"Kitchen Tools"}
  (Session info: chrome=89.0.4389.128)
For documentation on this error, please visit: https://www.seleniumhq.org/exceptions/no_such_element.html
Build info: version: '3.141.59', revision: 'e82be7d358', time: '2018-11-14T08:17:03'
System info: host: 'DESKTOP-LI51MAN', ip: '192.168.43.195', os.name: 'Windows 10', os.arch: 'x86', os.version: '10.0', java.version: '1.8.0_151'
Driver info: org.openqa.selenium.chrome.ChromeDriver
Capabilities {acceptInsecureCerts: false, browserName: chrome, browserVersion: 89.0.4389.128, chrome: {chromedriverVersion: 89.0.4389.23 (61b08ee2c5002..., userDataDir: C:\Users\Akshay\AppData\Loc...}, goog:chromeOptions: {debuggerAddress: localhost:54000}, javascriptEnabled: true, networkConnectionEnabled: false, pageLoadStrategy: normal, platform: WINDOWS, platformName: WINDOWS, proxy: Proxy(), setWindowRect: true, strictFileInteractability: false, timeouts: {implicit: 0, pageLoad: 300000, script: 30000}, unhandledPromptBehavior: dismiss and notify, webauthn:extension:largeBlob: true, webauthn:virtualAuthenticators: true}
Session ID: af75fdc88c06bf8761e74223ad38a090
*** Element info: {Using=link text, value=Kitchen Tools}
	at com.TestCategoriesPage.CategoriesPageTest.validToolsInKitchen(CategoriesPageTest.java:64)
]]></failure>
    <system-out><![CDATA[Trying to find Element By : By.linkText: Kitchen Tools
Exception occured: org.openqa.selenium.NoSuchElementException: no such element: Unable to locate element: {"method":"link text","selector":"Kitchen Tools"}
  (Session info: chrome=89.0.4389.128)
For documentation on this error, please visit: https://www.seleniumhq.org/exceptions/no_such_element.html
Build info: version: '3.141.59', revision: 'e82be7d358', time: '2018-11-14T08:17:03'
System info: host: 'DESKTOP-LI51MAN', ip: '192.168.43.195', os.name: 'Windows 10', os.arch: 'x86', os.version: '10.0', java.version: '1.8.0_151'
Driver info: org.openqa.selenium.chrome.ChromeDriver
Capabilities {acceptInsecureCerts: false, browserName: chrome, browserVersion: 89.0.4389.128, chrome: {chromedriverVersion: 89.0.4389.23 (61b08ee2c5002..., userDataDir: C:\Users\Akshay\AppData\Loc...}, goog:chromeOptions: {debuggerAddress: localhost:54000}, javascriptEnabled: true, networkConnectionEnabled: false, pageLoadStrategy: normal, platform: WINDOWS, platformName: WINDOWS, proxy: Proxy(), setWindowRect: true, strictFileInteractability: false, timeouts: {implicit: 0, pageLoad: 300000, script: 30000}, unhandledPromptBehavior: dismiss and notify, webauthn:extension:largeBlob: true, webauthn:virtualAuthenticators: true}
Session ID: af75fdc88c06bf8761e74223ad38a090
*** Element info: {Using=link text, value=Kitchen Tools}
]]></system-out>
  </testcase>
  <testcase name="buyProductValid" classname="com.TestCategoriesPage.CategoriesPageTest" time="134.496">
    <system-out><![CDATA[Trying to find Element By : By.xpath: //div[text()='Men']
Found Element By : By.xpath: //div[text()='Men']
Trying to click on: [[ChromeDriver: chrome on WINDOWS (af75fdc88c06bf8761e74223ad38a090)] -> xpath: //div[text()='Men']]
Clicked on: [[ChromeDriver: chrome on WINDOWS (af75fdc88c06bf8761e74223ad38a090)] -> xpath: //div[text()='Men']]
Trying to find Element By : By.xpath: //div[text()='Footwear']
Found Element By : By.xpath: //div[text()='Footwear']
Trying to click on: [[ChromeDriver: chrome on WINDOWS (af75fdc88c06bf8761e74223ad38a090)] -> xpath: //div[text()='Footwear']]
Clicked on: [[ChromeDriver: chrome on WINDOWS (af75fdc88c06bf8761e74223ad38a090)] -> xpath: //div[text()='Footwear']]
Trying to find Element By : By.xpath: //a[text()='Casual Shoes']
Found Element By : By.xpath: //a[text()='Casual Shoes']
Trying to find Element By : By.xpath: //img[@alt='Men Blue Slip-On Canvas Casual Shoes']
Found Element By : By.xpath: //img[@alt='Men Blue Slip-On Canvas Casual Shoes']
Trying to click on: [[ChromeDriver: chrome on WINDOWS (af75fdc88c06bf8761e74223ad38a090)] -> xpath: //img[@alt='Men Blue Slip-On Canvas Casual Shoes']]
Clicked on: [[ChromeDriver: chrome on WINDOWS (af75fdc88c06bf8761e74223ad38a090)] -> xpath: //img[@alt='Men Blue Slip-On Canvas Casual Shoes']]
Trying to find Element By : By.xpath: //button[text()='UK6']
Found Element By : By.xpath: //button[text()='UK6']
Trying to click on: [[ChromeDriver: chrome on WINDOWS (af75fdc88c06bf8761e74223ad38a090)] -> xpath: //button[text()='UK6']]
Clicked on: [[ChromeDriver: chrome on WINDOWS (af75fdc88c06bf8761e74223ad38a090)] -> xpath: //button[text()='UK6']]
Trying to find Element By : By.xpath: //button[@class='sc-kGXeez sc-ksYbfQ kvajiu']
Found Element By : By.xpath: //button[@class='sc-kGXeez sc-ksYbfQ kvajiu']
Trying to click on: [[ChromeDriver: chrome on WINDOWS (af75fdc88c06bf8761e74223ad38a090)] -> xpath: //button[@class='sc-kGXeez sc-ksYbfQ kvajiu']]
Clicked on: [[ChromeDriver: chrome on WINDOWS (af75fdc88c06bf8761e74223ad38a090)] -> xpath: //button[@class='sc-kGXeez sc-ksYbfQ kvajiu']]
Trying to find Element By : By.xpath: //input[@name='phone']
Found Element By : By.xpath: //input[@name='phone']
Trying to find Element By : By.xpath: //button[text()='Send OTP']
Found Element By : By.xpath: //button[text()='Send OTP']
Trying to click on: [[ChromeDriver: chrome on WINDOWS (af75fdc88c06bf8761e74223ad38a090)] -> xpath: //button[text()='Send OTP']]
Clicked on: [[ChromeDriver: chrome on WINDOWS (af75fdc88c06bf8761e74223ad38a090)] -> xpath: //button[text()='Send OTP']]
Trying to find Element By : By.xpath: //button[@type='submit']
Found Element By : By.xpath: //button[@type='submit']
Trying to click on: [[ChromeDriver: chrome on WINDOWS (af75fdc88c06bf8761e74223ad38a090)] -> xpath: //button[@type='submit']]
Clicked on: [[ChromeDriver: chrome on WINDOWS (af75fdc88c06bf8761e74223ad38a090)] -> xpath: //button[@type='submit']]
Trying to find Element By : By.xpath: //a[@class='sc-kGXeez sc-hIVACf itkzsS']
Found Element By : By.xpath: //a[@class='sc-kGXeez sc-hIVACf itkzsS']
Trying to click on: [[ChromeDriver: chrome on WINDOWS (af75fdc88c06bf8761e74223ad38a090)] -> xpath: //a[@class='sc-kGXeez sc-hIVACf itkzsS']]
Clicked on: [[ChromeDriver: chrome on WINDOWS (af75fdc88c06bf8761e74223ad38a090)] -> xpath: //a[@class='sc-kGXeez sc-hIVACf itkzsS']]
Trying to find Element By : By.xpath: //button[text()='Add New Address']
Found Element By : By.xpath: //button[text()='Add New Address']
Trying to click on: [[ChromeDriver: chrome on WINDOWS (af75fdc88c06bf8761e74223ad38a090)] -> xpath: //button[text()='Add New Address']]
Clicked on: [[ChromeDriver: chrome on WINDOWS (af75fdc88c06bf8761e74223ad38a090)] -> xpath: //button[text()='Add New Address']]
Trying to find Element By : By.id: name
Found Element By : By.id: name
Trying to find Element By : By.id: mobile
Found Element By : By.id: mobile
Trying to find Element By : By.id: email
Found Element By : By.id: email
Trying to find Element By : By.id: houseNo
Found Element By : By.id: houseNo
Trying to find Element By : By.id: houseNo
Found Element By : By.id: houseNo
Trying to find Element By : By.id: streetAddress
Found Element By : By.id: streetAddress
Trying to find Element By : By.id: pincode
Found Element By : By.id: pincode
Trying to find Element By : By.xpath: //button[text()='Save Address']
Found Element By : By.xpath: //button[text()='Save Address']
Trying to click on: [[ChromeDriver: chrome on WINDOWS (af75fdc88c06bf8761e74223ad38a090)] -> xpath: //button[text()='Save Address']]
Clicked on: [[ChromeDriver: chrome on WINDOWS (af75fdc88c06bf8761e74223ad38a090)] -> xpath: //button[text()='Save Address']]
04-18-2021 19:36:50 categoriesPage.java INFO  [main] testbase.TestBase 214 - Address saved successfully
Before navigating to: 'https://myshopprime.com/suhas.dhanorkar1/gAF4lS8/categories'
Navigated to:'https://myshopprime.com/suhas.dhanorkar1/gAF4lS8/categories'
04-18-2021 19:36:58 categoriesPage.java INFO  [main] testbase.TestBase 219 - MyShopPrime
04-18-2021 19:36:58 categoriesPage.java INFO  [main] testbase.TestBase 220 - MyShopPrime
04-18-2021 19:36:58 categoriesPage.java INFO  [main] testbase.TestBase 222 - Page Header Matched::MyShopPrime
]]></system-out>
  </testcase>
  <testcase name="validproductDescription" classname="com.TestCategoriesPage.CategoriesPageTest" time="27.8">
    <system-out><![CDATA[Trying to find Element By : By.xpath: //div[text()="Women"]
Found Element By : By.xpath: //div[text()="Women"]
Trying to click on: [[ChromeDriver: chrome on WINDOWS (af75fdc88c06bf8761e74223ad38a090)] -> xpath: //div[text()="Women"]]
Clicked on: [[ChromeDriver: chrome on WINDOWS (af75fdc88c06bf8761e74223ad38a090)] -> xpath: //div[text()="Women"]]
Trying to find Element By : By.xpath: //div[text()="Ethnic Wear"]
Found Element By : By.xpath: //div[text()="Ethnic Wear"]
Trying to click on: [[ChromeDriver: chrome on WINDOWS (af75fdc88c06bf8761e74223ad38a090)] -> xpath: //div[text()="Ethnic Wear"]]
Clicked on: [[ChromeDriver: chrome on WINDOWS (af75fdc88c06bf8761e74223ad38a090)] -> xpath: //div[text()="Ethnic Wear"]]
Trying to find Element By : By.xpath: //a[text()="Sarees"]
Found Element By : By.xpath: //a[text()="Sarees"]
Trying to click on: [[ChromeDriver: chrome on WINDOWS (af75fdc88c06bf8761e74223ad38a090)] -> xpath: //a[text()="Sarees"]]
Clicked on: [[ChromeDriver: chrome on WINDOWS (af75fdc88c06bf8761e74223ad38a090)] -> xpath: //a[text()="Sarees"]]
Trying to find Element By : By.xpath: //p[text()="Blue Printed Georgette Saree"]
Found Element By : By.xpath: //p[text()="Blue Printed Georgette Saree"]
Trying to click on: [[ChromeDriver: chrome on WINDOWS (af75fdc88c06bf8761e74223ad38a090)] -> xpath: //p[text()="Blue Printed Georgette Saree"]]
Clicked on: [[ChromeDriver: chrome on WINDOWS (af75fdc88c06bf8761e74223ad38a090)] -> xpath: //p[text()="Blue Printed Georgette Saree"]]
Trying to find Element By : By.xpath: //span[text()="Saree Color : Light Blue, Saree Fabric: Georgette, Saree Length : 5.3 mtr, Saree Work : Printed, Blouse Color : Blue, Blouse Fabric : Georgette, Blouse Length : 0.7 mtr, Blouse Work : Printed, Weight Kgs : 0.4, Occasion : Casual,party,wedding"]
Found Element By : By.xpath: //span[text()="Saree Color : Light Blue, Saree Fabric: Georgette, Saree Length : 5.3 mtr, Saree Work : Printed, Blouse Color : Blue, Blouse Fabric : Georgette, Blouse Length : 0.7 mtr, Blouse Work : Printed, Weight Kgs : 0.4, Occasion : Casual,party,wedding"]
04-18-2021 19:37:19 categoriesPage.java INFO  [main] testbase.TestBase 243 - [Saree Color : Light Blue, Saree Fabric: Georgette, Saree Length : 5.3 mtr, Saree Work : Printed, Blouse Color : Blue, Blouse Fabric : Georgette, Blouse Length : 0.7 mtr, Blouse Work : Printed, Weight Kgs : 0.4, Occasion : Casual,party,wedding]
04-18-2021 19:37:19 categoriesPage.java INFO  [main] testbase.TestBase 244 - [Saree Color : Light Blue, Saree Fabric: Georgette, Saree Length : 5.3 mtr, Saree Work : Printed, Blouse Color : Blue, Blouse Fabric : Georgette, Blouse Length : 0.7 mtr, Blouse Work : Printed, Weight Kgs : 0.4, Occasion : Casual,party,wedding]
Navigating back to previous page
Navigated back to previous page
Navigating back to previous page
Navigated back to previous page
04-18-2021 19:37:25 categoriesPage.java INFO  [main] testbase.TestBase 251 - Page Header Matched::[Saree Color : Light Blue, Saree Fabric: Georgette, Saree Length : 5.3 mtr, Saree Work : Printed, Blouse Color : Blue, Blouse Fabric : Georgette, Blouse Length : 0.7 mtr, Blouse Work : Printed, Weight Kgs : 0.4, Occasion : Casual,party,wedding]
]]></system-out>
  </testcase>
</testsuite>